mode: set
go-kafka-consumer-restAPI-book-library/services/bookService.go:21.71,23.2 1 0
go-kafka-consumer-restAPI-book-library/services/bookService.go:25.62,27.2 1 0
go-kafka-consumer-restAPI-book-library/services/bookService.go:29.68,31.2 1 0
go-kafka-consumer-restAPI-book-library/services/bookService.go:33.69,35.2 1 0
go-kafka-consumer-restAPI-book-library/services/bookService.go:41.33,44.16 3 0
go-kafka-consumer-restAPI-book-library/services/bookService.go:44.16,46.3 1 0
go-kafka-consumer-restAPI-book-library/services/bookService.go:46.8,46.26 1 0
go-kafka-consumer-restAPI-book-library/services/bookService.go:46.26,49.24 3 0
go-kafka-consumer-restAPI-book-library/services/bookService.go:49.24,51.4 1 0
go-kafka-consumer-restAPI-book-library/services/bookService.go:51.9,53.4 1 0
go-kafka-consumer-restAPI-book-library/services/bookService.go:54.8,56.3 1 0
go-kafka-consumer-restAPI-book-library/services/bookService.go:59.37,61.2 1 0
go-kafka-consumer-restAPI-book-library/services/bookService.go:63.35,65.16 2 0
go-kafka-consumer-restAPI-book-library/services/bookService.go:65.16,68.3 2 0
go-kafka-consumer-restAPI-book-library/services/bookService.go:71.35,73.16 2 0
go-kafka-consumer-restAPI-book-library/services/bookService.go:73.16,76.3 2 0
go-kafka-consumer-restAPI-book-library/services/bookService.go:79.65,86.16 5 0
go-kafka-consumer-restAPI-book-library/services/bookService.go:86.16,87.22 1 0
go-kafka-consumer-restAPI-book-library/services/bookService.go:87.22,89.4 1 0
go-kafka-consumer-restAPI-book-library/services/bookService.go:89.9,91.4 1 0
go-kafka-consumer-restAPI-book-library/services/bookService.go:92.8,95.3 2 0
go-kafka-consumer-restAPI-book-library/services/bookService.go:99.65,105.16 4 0
go-kafka-consumer-restAPI-book-library/services/bookService.go:105.16,107.3 1 0
go-kafka-consumer-restAPI-book-library/services/bookService.go:107.8,110.3 2 0
go-kafka-consumer-restAPI-book-library/services/bookService.go:113.42,117.31 3 0
go-kafka-consumer-restAPI-book-library/services/bookService.go:123.2,123.21 1 0
go-kafka-consumer-restAPI-book-library/services/bookService.go:117.31,119.3 1 0
go-kafka-consumer-restAPI-book-library/services/bookService.go:119.8,121.3 1 0
