mode: set
go-kafka-consumer-restAPI-book-library/services/bookService.go:22.71,24.2 1 0
go-kafka-consumer-restAPI-book-library/services/bookService.go:26.62,28.2 1 0
go-kafka-consumer-restAPI-book-library/services/bookService.go:30.69,32.2 1 0
go-kafka-consumer-restAPI-book-library/services/bookService.go:34.69,36.2 1 0
go-kafka-consumer-restAPI-book-library/services/bookService.go:43.48,48.34 4 1
go-kafka-consumer-restAPI-book-library/services/bookService.go:67.2,67.16 1 1
go-kafka-consumer-restAPI-book-library/services/bookService.go:48.34,51.3 2 1
go-kafka-consumer-restAPI-book-library/services/bookService.go:51.8,54.24 3 1
go-kafka-consumer-restAPI-book-library/services/bookService.go:60.3,60.17 1 1
go-kafka-consumer-restAPI-book-library/services/bookService.go:54.24,56.4 1 1
go-kafka-consumer-restAPI-book-library/services/bookService.go:56.9,58.4 1 1
go-kafka-consumer-restAPI-book-library/services/bookService.go:60.17,62.4 1 1
go-kafka-consumer-restAPI-book-library/services/bookService.go:62.9,64.4 1 1
go-kafka-consumer-restAPI-book-library/services/bookService.go:70.37,72.2 1 1
go-kafka-consumer-restAPI-book-library/services/bookService.go:74.49,76.16 2 1
go-kafka-consumer-restAPI-book-library/services/bookService.go:81.2,81.16 1 1
go-kafka-consumer-restAPI-book-library/services/bookService.go:76.16,80.3 3 1
go-kafka-consumer-restAPI-book-library/services/bookService.go:84.49,86.16 2 1
go-kafka-consumer-restAPI-book-library/services/bookService.go:91.2,91.16 1 1
go-kafka-consumer-restAPI-book-library/services/bookService.go:86.16,90.3 3 1
go-kafka-consumer-restAPI-book-library/services/bookService.go:94.65,101.16 5 1
go-kafka-consumer-restAPI-book-library/services/bookService.go:101.16,102.22 1 1
go-kafka-consumer-restAPI-book-library/services/bookService.go:102.22,104.4 1 1
go-kafka-consumer-restAPI-book-library/services/bookService.go:104.9,106.4 1 1
go-kafka-consumer-restAPI-book-library/services/bookService.go:107.8,110.3 2 1
go-kafka-consumer-restAPI-book-library/services/bookService.go:114.65,120.16 4 1
go-kafka-consumer-restAPI-book-library/services/bookService.go:120.16,122.3 1 1
go-kafka-consumer-restAPI-book-library/services/bookService.go:122.8,125.3 2 1
go-kafka-consumer-restAPI-book-library/services/bookService.go:128.42,132.31 3 1
go-kafka-consumer-restAPI-book-library/services/bookService.go:138.2,138.21 1 1
go-kafka-consumer-restAPI-book-library/services/bookService.go:132.31,134.3 1 0
go-kafka-consumer-restAPI-book-library/services/bookService.go:134.8,136.3 1 1
